<?xml version="1.0" encoding="UTF-8"?>
<testsuite xmlns:xsi="http://www.w3.org/2001/XMLSchema-instance" xsi:noNamespaceSchemaLocation="https://maven.apache.org/surefire/maven-surefire-plugin/xsd/surefire-test-report-3.0.xsd" version="3.0" name="TestSuite" time="26.313" tests="5" errors="0" skipped="0" failures="0">
  <properties>
[...]
</properties>
  <testcase name="runScenario[&quot;Purchase a single item&quot;, &quot;Swag Labs&quot;](1)" classname="cucumberoptions.TestNGTestRunner" time="6.961">
    <system-out><![CDATA[Initializing Chrome Driver
Products
Harikrishna
Mungara
8881
Item total: $29.99Tax: $2.40Total: $32.39
Browser closed successfully, Thank you Harikrishna
]]></system-out>
    <system-err><![CDATA[SLF4J: Failed to load class "org.slf4j.impl.StaticLoggerBinder".
SLF4J: Defaulting to no-operation (NOP) logger implementation
SLF4J: See http://www.slf4j.org/codes.html#StaticLoggerBinder for further details.
]]></system-err>
  </testcase>
  <testcase name="runScenario[&quot;Purchase a single item&quot;, &quot;Swag Labs&quot;](2)" classname="cucumberoptions.TestNGTestRunner" time="4.609">
    <system-out><![CDATA[Initializing Chrome Driver
Products
Harikrishna
Mungara
8882
Item total: $9.99Tax: $0.80Total: $10.79
Browser closed successfully, Thank you Harikrishna
]]></system-out>
  </testcase>
  <testcase name="runScenario[&quot;Purchase a single item&quot;, &quot;Swag Labs&quot;](3)" classname="cucumberoptions.TestNGTestRunner" time="4.237">
    <system-out><![CDATA[Initializing Chrome Driver
Products
Harikrishna
Mungara
8883
Item total: $15.99Tax: $1.28Total: $17.27
Browser closed successfully, Thank you Harikrishna
]]></system-out>
  </testcase>
  <testcase name="runScenario[&quot;Purchase a single item&quot;, &quot;Swag Labs&quot;](4)" classname="cucumberoptions.TestNGTestRunner" time="4.314">
    <system-out><![CDATA[Initializing Chrome Driver
Products
Harikrishna
Mungara
8884
Item total: $49.99Tax: $4.00Total: $53.99
Browser closed successfully, Thank you Harikrishna
]]></system-out>
  </testcase>
  <testcase name="runScenario[&quot;Purchase a single item&quot;, &quot;Swag Labs&quot;](5)" classname="cucumberoptions.TestNGTestRunner" time="5.55">
    <system-out><![CDATA[Initializing Chrome Driver
Products
Harikrishna
Mungara
8885
Item total: $7.99Tax: $0.64Total: $8.63
Browser closed successfully, Thank you Harikrishna
]]></system-out>
  </testcase>
</testsuite>